2025-03-20 10:10:31,981 - INFO - TCR Optimization Tool
2025-03-20 10:10:31,981 - INFO - ====================
2025-03-20 10:10:31,995 - INFO - Loading problem from data/processed/problem.xml in directory ./data...
2025-03-20 10:10:31,995 - ERROR - File not found: ./data\data/processed/problem.xml
2025-03-20 10:10:31,995 - ERROR - Failed to load problem. Exiting.
2025-03-20 10:13:47,113 - INFO - TCR Optimization Tool
2025-03-20 10:13:47,113 - INFO - ====================
2025-03-20 10:13:47,113 - INFO - Loading problem from problem.xml in directory data/processed...
2025-03-20 10:13:47,113 - INFO - Running traffic model...
2025-03-20 10:13:47,173 - INFO - Traffic model solved successfully.
2025-03-20 10:13:47,173 - INFO - Traffic results written to results/test_traffic\traffic_results.xml
2025-03-20 10:13:47,173 - INFO - Summary report written to results/test_traffic\summary_report.txt
2025-03-20 10:13:47,173 - INFO - Results written to results/test_traffic
2025-03-20 10:36:13,533 - INFO - TCR Optimization Tool
2025-03-20 10:36:13,533 - INFO - ====================
2025-03-20 10:36:13,533 - INFO - Loading problem from problem.xml in directory ./data...
2025-03-20 10:36:13,533 - ERROR - File not found: ./data\problem.xml
2025-03-20 10:36:13,533 - ERROR - Failed to load problem. Exiting.
2025-03-20 10:36:58,339 - INFO - TCR Optimization Tool
2025-03-20 10:36:58,339 - INFO - ====================
2025-03-20 10:36:58,339 - INFO - Loading problem from problem.xml in directory ./data...
2025-03-20 10:36:58,339 - ERROR - File not found: ./data\problem.xml
2025-03-20 10:36:58,339 - ERROR - Failed to load problem. Exiting.
2025-03-20 10:37:50,038 - INFO - TCR Optimization Tool
2025-03-20 10:37:50,038 - INFO - ====================
2025-03-20 10:37:50,038 - INFO - Loading problem from problem.xml in directory data/processed...
2025-03-20 10:54:52,581 - INFO - TCR Optimization Tool
2025-03-20 10:54:52,581 - INFO - ====================
2025-03-20 10:54:52,581 - INFO - Loading problem from problem.xml in directory data/processed...
2025-03-20 10:54:52,589 - INFO - Running integrated model...
2025-03-20 10:54:52,589 - INFO - Solving undisturbed traffic flow model...
2025-03-20 10:54:52,643 - INFO - Initializing scheduling model with undisturbed traffic...
2025-03-20 10:54:52,644 - INFO - Iteration 1...
2025-03-20 10:54:52,644 - INFO - Solving scheduling model...
2025-03-20 10:58:08,522 - INFO - TCR Optimization Tool
2025-03-20 10:58:08,522 - INFO - ====================
2025-03-20 10:58:08,522 - INFO - Loading problem from data/processed/problem.xml in directory ./data...
2025-03-20 10:58:08,522 - ERROR - File not found: ./data\data/processed/problem.xml
2025-03-20 10:58:08,522 - ERROR - Failed to load problem. Exiting.
2025-03-20 10:59:39,011 - INFO - TCR Optimization Tool
2025-03-20 10:59:39,011 - INFO - ====================
2025-03-20 10:59:39,011 - INFO - Loading problem from problem.xml in directory data/processed...
2025-03-20 10:59:39,011 - INFO - Running traffic model...
2025-03-20 10:59:39,011 - INFO - Traffic model solved successfully.
2025-03-20 10:59:39,011 - INFO - Traffic results written to results/test_traffic\traffic_results.xml
2025-03-20 10:59:39,027 - INFO - Summary report written to results/test_traffic\summary_report.txt
2025-03-20 10:59:39,027 - INFO - Results written to results/test_traffic
2025-03-20 11:01:43,057 - INFO - TCR Optimization Tool
2025-03-20 11:01:43,057 - INFO - ====================
2025-03-20 11:01:43,057 - INFO - Loading problem from problem.xml in directory data/processed...
2025-03-20 11:01:43,068 - INFO - Running integrated model...
2025-03-20 11:01:43,068 - INFO - Solving undisturbed traffic flow model...
2025-03-20 11:01:43,075 - INFO - Initializing scheduling model with undisturbed traffic...
2025-03-20 11:01:43,075 - INFO - Iteration 1...
2025-03-20 11:01:43,076 - INFO - Solving scheduling model...
2025-03-20 11:29:28,511 - INFO - TCR Optimization Tool
2025-03-20 11:29:28,511 - INFO - ====================
2025-03-20 11:29:28,511 - INFO - Loading problem from problem.xml in directory data/processed...
2025-03-20 11:29:28,516 - INFO - Running integrated model...
2025-03-20 11:29:28,516 - INFO - Solving undisturbed traffic flow model...
2025-03-20 11:29:28,566 - INFO - Initializing scheduling model with undisturbed traffic...
2025-03-20 11:29:28,566 - INFO - Iteration 1...
2025-03-20 11:29:28,566 - INFO - Solving scheduling model...
2025-03-20 12:08:12,925 - INFO - TCR Optimization Tool
2025-03-20 12:08:12,926 - INFO - ====================
2025-03-20 12:08:12,926 - INFO - Loading problem from problem.xml in directory data/processed...
2025-03-20 12:08:12,926 - INFO - Running integrated model...
2025-03-20 12:08:12,926 - INFO - Solving undisturbed traffic flow model...
2025-03-20 12:08:12,977 - INFO - Initializing scheduling model with undisturbed traffic...
2025-03-20 12:08:12,982 - INFO - Iteration 1...
2025-03-20 12:08:12,982 - INFO - Solving scheduling model...
2025-03-20 12:26:01,992 - INFO - TCR Optimization Tool
2025-03-20 12:26:01,992 - INFO - ====================
2025-03-20 12:26:01,992 - INFO - Loading problem from problem.xml in directory data/processed...
2025-03-20 12:26:01,992 - INFO - Running integrated model...
2025-03-20 12:26:01,992 - INFO - Solving undisturbed traffic flow model...
2025-03-20 12:26:02,044 - INFO - Initializing scheduling model with undisturbed traffic...
2025-03-20 12:26:02,044 - INFO - Iteration 1...
2025-03-20 12:26:02,044 - INFO - Solving scheduling model...
2025-03-20 12:30:41,979 - INFO - TCR Optimization Tool
2025-03-20 12:30:41,979 - INFO - ====================
2025-03-20 12:30:41,979 - INFO - Loading problem from problem.xml in directory data/processed...
2025-03-20 12:30:41,986 - INFO - Running integrated model...
2025-03-20 12:30:41,986 - INFO - Solving undisturbed traffic flow model...
2025-03-20 12:30:41,995 - INFO - Initializing scheduling model with undisturbed traffic...
2025-03-20 12:30:41,996 - INFO - Iteration 1...
2025-03-20 12:30:41,997 - INFO - Solving scheduling model...
2025-03-20 13:09:30,353 - INFO - TCR Optimization Tool
2025-03-20 13:09:30,354 - INFO - ====================
2025-03-20 13:09:30,354 - INFO - Loading problem from problem.xml in directory data/processed...
2025-03-20 13:09:30,357 - INFO - Running integrated model...
2025-03-20 13:09:30,357 - INFO - Solving undisturbed traffic flow model...
2025-03-20 13:09:30,416 - INFO - Initializing scheduling model with undisturbed traffic...
2025-03-20 13:09:30,417 - INFO - Iteration 1...
2025-03-20 13:09:30,417 - INFO - Solving scheduling model...
2025-03-20 13:13:26,883 - INFO - TCR Optimization Tool
2025-03-20 13:13:26,883 - INFO - ====================
2025-03-20 13:13:26,883 - INFO - Loading problem from problem.xml in directory data/processed...
2025-03-20 13:13:26,883 - INFO - Running integrated model...
2025-03-20 13:13:26,883 - INFO - Solving undisturbed traffic flow model...
2025-03-20 13:13:26,883 - INFO - Initializing scheduling model with undisturbed traffic...
2025-03-20 13:13:26,883 - INFO - Iteration 1...
2025-03-20 13:13:26,883 - INFO - Solving scheduling model...
2025-03-20 13:18:45,695 - INFO - TCR Optimization Tool
2025-03-20 13:18:45,696 - INFO - ====================
2025-03-20 13:18:45,696 - INFO - Loading problem from problem.xml in directory data/processed...
2025-03-20 13:18:45,699 - INFO - Running integrated model...
2025-03-20 13:18:45,699 - INFO - Solving undisturbed traffic flow model...
2025-03-20 13:18:45,705 - INFO - Initializing scheduling model with undisturbed traffic...
2025-03-20 13:18:45,706 - INFO - Iteration 1...
2025-03-20 13:18:45,707 - INFO - Solving scheduling model...
2025-03-20 13:33:59,122 - INFO - TCR Optimization Tool
2025-03-20 13:33:59,123 - INFO - ====================
2025-03-20 13:33:59,123 - INFO - Loading problem from problem.xml in directory data/processed...
2025-03-20 13:33:59,126 - INFO - Running integrated model...
2025-03-20 13:33:59,127 - INFO - Solving undisturbed traffic flow model...
2025-03-20 13:33:59,134 - INFO - Initializing scheduling model with undisturbed traffic...
2025-03-20 13:33:59,135 - INFO - Iteration 1...
2025-03-20 13:33:59,135 - INFO - Solving scheduling model...
2025-03-20 13:37:48,247 - INFO - TCR Optimization Tool
2025-03-20 13:37:48,248 - INFO - ====================
2025-03-20 13:37:48,248 - INFO - Loading problem from problem.xml in directory data/processed...
2025-03-20 13:37:48,250 - INFO - Running integrated model...
2025-03-20 13:37:48,250 - INFO - Solving undisturbed traffic flow model...
2025-03-20 13:37:48,254 - INFO - Initializing scheduling model with undisturbed traffic...
2025-03-20 13:37:48,255 - INFO - Iteration 1...
2025-03-20 13:37:48,255 - INFO - Solving scheduling model...
2025-03-20 19:43:29,309 - INFO - TCR Optimization Tool
2025-03-20 19:43:29,325 - INFO - ====================
2025-03-20 19:43:29,325 - INFO - Loading problem from problem.xml in directory data/processed...
2025-03-20 19:43:29,356 - INFO - Running integrated model...
2025-03-20 19:43:29,356 - INFO - Solving undisturbed traffic flow model...
2025-03-20 19:43:29,565 - INFO - Initializing scheduling model with undisturbed traffic...
2025-03-20 19:43:29,565 - INFO - Iteration 1...
2025-03-20 19:43:29,565 - INFO - Solving scheduling model...
2025-03-20 22:42:45,967 - ERROR - Optimization failed with status: timelimit
2025-03-20 22:42:45,994 - ERROR - Failed to solve scheduling model.
2025-03-20 22:42:45,994 - ERROR - Failed to solve integrated model.
2025-03-21 13:01:55,078 - INFO - TCR Optimization Tool
2025-03-21 13:01:55,080 - INFO - ====================
2025-03-21 13:01:55,082 - INFO - Loading problem from data/processed/problem.xml in directory ./data...
2025-03-21 13:01:55,082 - ERROR - File not found: ./data\data/processed/problem.xml
2025-03-21 13:01:55,084 - ERROR - Failed to load problem. Exiting.
2025-03-21 13:02:21,561 - INFO - TCR Optimization Tool
2025-03-21 13:02:21,562 - INFO - ====================
2025-03-21 13:02:21,562 - INFO - Loading problem from data/processed/problem.xml in directory ./data...
2025-03-21 13:02:21,562 - ERROR - File not found: ./data\data/processed/problem.xml
2025-03-21 13:02:21,562 - ERROR - Failed to load problem. Exiting.
2025-03-21 13:02:57,444 - INFO - TCR Optimization Tool
2025-03-21 13:02:57,445 - INFO - ====================
2025-03-21 13:02:57,446 - INFO - Loading problem from data/processed/problem.xml in directory ./data...
2025-03-21 13:02:57,446 - ERROR - File not found: ./data\data/processed/problem.xml
2025-03-21 13:02:57,447 - ERROR - Failed to load problem. Exiting.
2025-03-21 13:03:24,940 - INFO - TCR Optimization Tool
2025-03-21 13:03:24,940 - INFO - ====================
2025-03-21 13:03:24,940 - INFO - Loading problem from problem.xml in directory data/processed...
2025-03-21 13:03:24,942 - INFO - Running traffic model...
2025-03-21 13:03:25,006 - INFO - Traffic model solved successfully.
2025-03-21 13:03:25,011 - INFO - Traffic results written to results/test_traffic\traffic_results.xml
2025-03-21 13:03:25,012 - INFO - Summary report written to results/test_traffic\summary_report.txt
2025-03-21 13:03:25,013 - INFO - Results written to results/test_traffic
